<?xml version="1.0" encoding="UTF-8"?>
<!-- Generated by org.testng.reporters.JUnitReportReporter -->
<testsuite skipped="0" hostname="LAPTOP-P1RFJJ0H" name="ajaxSuggestions.CaptureScreen" tests="1" failures="0" timestamp="16 Dec 2018 09:12:35 GMT" time="47.868" errors="0">
  <testcase name="getScreenshot" time="47.868" classname="ajaxSuggestions.CaptureScreen"/>
</testsuite> <!-- ajaxSuggestions.CaptureScreen -->
