<?xml version="1.0" encoding="UTF-8"?>
<!-- Generated by org.testng.reporters.JUnitReportReporter -->
<testsuite skipped="0" hostname="LAPTOP-P1RFJJ0H" name="ajaxSuggestions.HandlingAjaxSuggestions" tests="1" failures="0" timestamp="16 Dec 2018 08:16:14 GMT" time="40.091" errors="0">
  <testcase name="HandlingAjax" time="40.091" classname="ajaxSuggestions.HandlingAjaxSuggestions"/>
</testsuite> <!-- ajaxSuggestions.HandlingAjaxSuggestions -->
