<?xml version="1.0" encoding="UTF-8"?>
<!-- Generated by org.testng.reporters.JUnitReportReporter -->
<testsuite skipped="0" hostname="LAPTOP-P1RFJJ0H" name="testngGroups.GroupTest$Test1" tests="1" failures="0" timestamp="20 Dec 2018 09:10:18 GMT" time="0.014" errors="0">
  <testcase name="testMethod3" time="0.014" classname="testngGroups.GroupTest$Test1"/>
</testsuite> <!-- testngGroups.GroupTest$Test1 -->
