<?xml version="1.0" encoding="UTF-8"?>
<!-- Generated by org.testng.reporters.JUnitReportReporter -->
<testsuite skipped="0" hostname="LAPTOP-P1RFJJ0H" name="Testngsuite.SimpleTestngEx" tests="1" failures="0" timestamp="15 Dec 2018 06:19:57 GMT" time="0.003" errors="0">
  <testcase name="testingmethod" time="0.003" classname="Testngsuite.SimpleTestngEx"/>
</testsuite> <!-- Testngsuite.SimpleTestngEx -->
