<?xml version="1.0" encoding="UTF-8"?>
<!-- Generated by org.testng.reporters.JUnitReportReporter -->
<testsuite skipped="0" hostname="LAPTOP-P1RFJJ0H" name="ajaxSuggestions.MouseOps" tests="1" failures="0" timestamp="16 Dec 2018 08:54:27 GMT" time="47.993" errors="0">
  <testcase name="MouseOperations" time="47.993" classname="ajaxSuggestions.MouseOps"/>
</testsuite> <!-- ajaxSuggestions.MouseOps -->
