<?xml version="1.0" encoding="UTF-8"?>
<!-- Generated by org.testng.reporters.JUnitReportReporter -->
<testsuite skipped="0" hostname="LAPTOP-P1RFJJ0H" name="pagefactory.CaloriecalcPageTC" tests="1" failures="0" timestamp="16 Dec 2018 07:01:57 GMT" time="42.152" errors="0">
  <testcase name="CalorieTC" time="42.152" classname="pagefactory.CaloriecalcPageTC"/>
</testsuite> <!-- pagefactory.CaloriecalcPageTC -->
