<?xml version="1.0" encoding="UTF-8"?>
<!-- Generated by org.testng.reporters.JUnitReportReporter -->
<testsuite skipped="0" hostname="LAPTOP-P1RFJJ0H" name="Testngsuite.TestngParamter" tests="3" failures="0" timestamp="15 Dec 2018 07:44:35 GMT" time="60.153" errors="0">
  <testcase name="CaloriecalcTestcase" time="14.537" classname="Testngsuite.TestngParamter"/>
  <testcase name="CaloriecalcTestcase" time="19.633" classname="Testngsuite.TestngParamter"/>
  <testcase name="CaloriecalcTestcase" time="25.983" classname="Testngsuite.TestngParamter"/>
</testsuite> <!-- Testngsuite.TestngParamter -->
