<?xml version="1.0" encoding="UTF-8"?>
<!-- Generated by org.testng.reporters.JUnitReportReporter -->
<testsuite skipped="0" hostname="LAPTOP-P1RFJJ0H" name="advancedseleniumcommands.JavascriptHandleAlert" tests="1" failures="0" timestamp="16 Dec 2018 07:41:04 GMT" time="50.935" errors="0">
  <testcase name="HandleAlert" time="50.935" classname="advancedseleniumcommands.JavascriptHandleAlert"/>
</testsuite> <!-- advancedseleniumcommands.JavascriptHandleAlert -->
