<?xml version="1.0" encoding="UTF-8"?>
<!-- Generated by org.testng.reporters.JUnitReportReporter -->
<testsuite skipped="0" hostname="LAPTOP-P1RFJJ0H" name="amazonexample.AmazonLogin" tests="1" failures="0" timestamp="17 Dec 2018 10:54:42 GMT" time="72.294" errors="0">
  <testcase name="MouseOperations" time="72.294" classname="amazonexample.AmazonLogin"/>
</testsuite> <!-- amazonexample.AmazonLogin -->
