<?xml version="1.0" encoding="UTF-8"?>
<!-- Generated by org.testng.reporters.JUnitReportReporter -->
<testsuite skipped="0" hostname="LAPTOP-P1RFJJ0H" name="seleniumGrid.GoogleSearch" tests="2" failures="0" timestamp="17 Dec 2018 09:10:17 GMT" time="121.964" errors="0">
  <testcase name="googleSearchTest" time="49.753" classname="seleniumGrid.GoogleSearch"/>
  <testcase name="googleSearchTest" time="72.211" classname="seleniumGrid.GoogleSearch"/>
</testsuite> <!-- seleniumGrid.GoogleSearch -->
