<?xml version="1.0" encoding="UTF-8"?>
<!-- Generated by org.testng.reporters.JUnitReportReporter -->
<testsuite skipped="0" hostname="LAPTOP-P1RFJJ0H" name="Testngsuite.TestngParamterHashtable" tests="2" failures="0" timestamp="15 Dec 2018 07:10:44 GMT" time="73.672" errors="0">
  <testcase name="CaloriecalcTestcase" time="37.251" classname="Testngsuite.TestngParamterHashtable"/>
  <testcase name="CaloriecalcTestcase" time="36.421" classname="Testngsuite.TestngParamterHashtable"/>
</testsuite> <!-- Testngsuite.TestngParamterHashtable -->
