<?xml version="1.0" encoding="UTF-8"?>
<!-- Generated by org.testng.reporters.JUnitReportReporter -->
<testsuite skipped="0" hostname="LAPTOP-P1RFJJ0H" name="com.caloriecalc.testcases.TestngParamterHashtable" tests="4" failures="0" timestamp="15 Dec 2018 11:48:37 GMT" time="85.640" errors="0">
  <testcase name="CaloriecalcTestcase" time="13.340" classname="com.caloriecalc.testcases.TestngParamterHashtable"/>
  <testcase name="CaloriecalcTestcase" time="36.325" classname="com.caloriecalc.testcases.TestngParamterHashtable"/>
  <testcase name="CaloriecalcTestcase" time="20.960" classname="com.caloriecalc.testcases.TestngParamterHashtable"/>
  <testcase name="CaloriecalcTestcase" time="15.015" classname="com.caloriecalc.testcases.TestngParamterHashtable"/>
</testsuite> <!-- com.caloriecalc.testcases.TestngParamterHashtable -->
