<?xml version="1.0" encoding="UTF-8"?>
<!-- Generated by org.testng.reporters.JUnitReportReporter -->
<testsuite skipped="0" hostname="LAPTOP-P1RFJJ0H" name="ajaxSuggestions.DragAndDropFrames" tests="1" failures="0" timestamp="16 Dec 2018 11:09:25 GMT" time="37.919" errors="0">
  <testcase name="DragAndDropTest" time="37.919" classname="ajaxSuggestions.DragAndDropFrames"/>
</testsuite> <!-- ajaxSuggestions.DragAndDropFrames -->
