<?xml version="1.0" encoding="UTF-8"?>
<!-- Generated by org.testng.reporters.JUnitReportReporter -->
<testsuite skipped="0" hostname="LAPTOP-P1RFJJ0H" name="com.caloriecalc.testcases.TestProperty" tests="1" failures="0" timestamp="16 Dec 2018 09:43:30 GMT" time="53.921" errors="0">
  <testcase name="PropertyTest" time="53.921" classname="com.caloriecalc.testcases.TestProperty"/>
</testsuite> <!-- com.caloriecalc.testcases.TestProperty -->
