<?xml version="1.0" encoding="UTF-8"?>
<!-- Generated by org.testng.reporters.JUnitReportReporter -->
<testsuite skipped="0" hostname="LAPTOP-P1RFJJ0H" name="Testngsuite.AnotherSimpleTestngEx" tests="1" failures="0" timestamp="15 Dec 2018 06:19:57 GMT" time="0.015" errors="0">
  <testcase name="testingmethod2" time="0.015" classname="Testngsuite.AnotherSimpleTestngEx"/>
</testsuite> <!-- Testngsuite.AnotherSimpleTestngEx -->
