<?xml version="1.0" encoding="UTF-8"?>
<!-- Generated by org.testng.reporters.JUnitReportReporter -->
<testsuite skipped="0" hostname="LAPTOP-P1RFJJ0H" name="ajaxSuggestions.WindowNavigations" tests="1" failures="0" timestamp="16 Dec 2018 10:24:22 GMT" time="53.348" errors="0">
  <testcase name="HandlingWindowNav" time="53.348" classname="ajaxSuggestions.WindowNavigations"/>
</testsuite> <!-- ajaxSuggestions.WindowNavigations -->
